{"uuid":"4b7ec0d7-820c-4e3e-b84f-17b5707f130a","historyId":"edebd97667a4787c1ec99ec36a30cfd3","testCaseId":"[engine:junit-jupiter]/[class:com.remwaste.tests.web.UserDetailsTest]/[method:editUserDetails()]","testCaseName":"editUserDetails()","fullName":"com.remwaste.tests.web.UserDetailsTest.editUserDetails","labels":[{"name":"tag","value":"web"},{"name":"junit.platform.uniqueid","value":"[engine:junit-jupiter]/[class:com.remwaste.tests.web.UserDetailsTest]/[method:editUserDetails()]"},{"name":"host","value":"Avinash"},{"name":"thread","value":"10616@Avinash.ForkJoinPool-1-worker-1(25)"},{"name":"framework","value":"junit-platform"},{"name":"language","value":"java"},{"name":"package","value":"com.remwaste.tests.web.UserDetailsTest"},{"name":"testClass","value":"com.remwaste.tests.web.UserDetailsTest"},{"name":"testMethod","value":"editUserDetails"},{"name":"suite","value":"com.remwaste.tests.web.UserDetailsTest"}],"links":[],"name":"editUserDetails()","status":"failed","statusDetails":{"known":false,"muted":false,"flaky":false,"message":"Invalid element state [[aria-label=\"account of current user\"]]: element click intercepted: Element <button class=\"MuiButtonBase-root MuiIconButton-root MuiIconButton-colorInherit MuiIconButton-sizeLarge css-ejrzqc\" tabindex=\"0\" type=\"button\" aria-label=\"account of current user\" aria-controls=\"menu-appbar\" aria-haspopup=\"true\">...</button> is not clickable at point (726, 32). Other element would receive the click: <div id=\"1\" data-in=\"true\" class=\"Toastify__toast Toastify__toast-theme--light Toastify__toast--success\">...</div>\r\nScreenshot: file:/D:/InteliJ_SDET/REMWasteAssessment/build/reports/tests/1753357804178.0.png\r\nPage source: file:/D:/InteliJ_SDET/REMWasteAssessment/build/reports/tests/1753357804178.0.html\r\nTimeout: 10 s.\r\nCaused by: ElementClickInterceptedException: element click intercepted: Element <button class=\"MuiButtonBase-root MuiIconButton-root MuiIconButton-colorInherit MuiIconButton-sizeLarge css-ejrzqc\" tabindex=\"0\" type=\"button\" aria-label=\"account of current user\" aria-controls=\"menu-appbar\" aria-haspopup=\"true\">...</button> is not clickable at point (726, 32). Other element would receive the click: <div id=\"1\" data-in=\"true\" class=\"Toastify__toast Toastify__toast-theme--light Toastify__toast--success\">...</div>","trace":"Invalid element state [[aria-label=\"account of current user\"]]: element click intercepted: Element <button class=\"MuiButtonBase-root MuiIconButton-root MuiIconButton-colorInherit MuiIconButton-sizeLarge css-ejrzqc\" tabindex=\"0\" type=\"button\" aria-label=\"account of current user\" aria-controls=\"menu-appbar\" aria-haspopup=\"true\">...</button> is not clickable at point (726, 32). Other element would receive the click: <div id=\"1\" data-in=\"true\" class=\"Toastify__toast Toastify__toast-theme--light Toastify__toast--success\">...</div>\r\nScreenshot: file:/D:/InteliJ_SDET/REMWasteAssessment/build/reports/tests/1753357804178.0.png\r\nPage source: file:/D:/InteliJ_SDET/REMWasteAssessment/build/reports/tests/1753357804178.0.html\r\nTimeout: 10 s.\r\nCaused by: ElementClickInterceptedException: element click intercepted: Element <button class=\"MuiButtonBase-root MuiIconButton-root MuiIconButton-colorInherit MuiIconButton-sizeLarge css-ejrzqc\" tabindex=\"0\" type=\"button\" aria-label=\"account of current user\" aria-controls=\"menu-appbar\" aria-haspopup=\"true\">...</button> is not clickable at point (726, 32). Other element would receive the click: <div id=\"1\" data-in=\"true\" class=\"Toastify__toast Toastify__toast-theme--light Toastify__toast--success\">...</div>\r\n\tat com.codeborne.selenide.impl.ExceptionWrapper.wrap(ExceptionWrapper.java:19)\r\n\tat com.codeborne.selenide.impl.SelenideElementProxy.dispatchAndRetry(SelenideElementProxy.java:153)\r\n\tat com.codeborne.selenide.impl.SelenideElementProxy.invoke(SelenideElementProxy.java:83)\r\n\tat jdk.proxy2/jdk.proxy2.$Proxy25.click(Unknown Source)\r\n\tat com.remwaste.pages.DashboardPage.navigateToProfilePage(DashboardPage.java:31)\r\n\tat com.remwaste.tests.web.UserDetailsTest.editUserDetails(UserDetailsTest.java:18)\r\n\tat java.base/java.lang.reflect.Method.invoke(Method.java:568)\r\n\tat java.base/java.util.concurrent.ForkJoinTask.doExec(ForkJoinTask.java:373)\r\n\tat java.base/java.util.concurrent.ForkJoinPool$WorkQueue.topLevelExec(ForkJoinPool.java:1182)\r\n\tat java.base/java.util.concurrent.ForkJoinPool.scan(ForkJoinPool.java:1655)\r\n\tat java.base/java.util.concurrent.ForkJoinPool.runWorker(ForkJoinPool.java:1622)\r\n\tat java.base/java.util.concurrent.ForkJoinWorkerThread.run(ForkJoinWorkerThread.java:165)\r\nCaused by: org.openqa.selenium.ElementClickInterceptedException: element click intercepted: Element <button class=\"MuiButtonBase-root MuiIconButton-root MuiIconButton-colorInherit MuiIconButton-sizeLarge css-ejrzqc\" tabindex=\"0\" type=\"button\" aria-label=\"account of current user\" aria-controls=\"menu-appbar\" aria-haspopup=\"true\">...</button> is not clickable at point (726, 32). Other element would receive the click: <div id=\"1\" data-in=\"true\" class=\"Toastify__toast Toastify__toast-theme--light Toastify__toast--success\">...</div>\n  (Session info: chrome=138.0.7204.159)\nBuild info: version: '4.34.0', revision: '707dcb4246*'\nSystem info: os.name: 'Windows 11', os.arch: 'amd64', os.version: '10.0', java.version: '17.0.16'\nDriver info: org.openqa.selenium.chrome.ChromeDriver\nCommand: [b5cb78a6305b418b53e4de6a58a14fee, clickElement {id=f.E3837BFA6ACEA8E304EF921769AC819A.d.E06A26C13985FCAF922BABD3521BDF1F.e.15}]\nCapabilities {acceptInsecureCerts: true, browserName: chrome, browserVersion: 138.0.7204.159, chrome: {chromedriverVersion: 138.0.7204.168 (3e8d82e86e9..., userDataDir: C:\\Users\\avina\\AppData\\Loca...}, fedcm:accounts: true, goog:chromeOptions: {debuggerAddress: localhost:52610}, networkConnectionEnabled: false, pageLoadStrategy: normal, platformName: windows, proxy: Proxy(), se:cdp: ws://localhost:52610/devtoo..., se:cdpVersion: 138.0.7204.159, setWindowRect: true, strictFileInteractability: false, timeouts: {implicit: 0, pageLoad: 300000, script: 30000}, unhandledPromptBehavior: accept, webauthn:extension:credBlob: true, webauthn:extension:largeBlob: true, webauthn:extension:minPinLength: true, webauthn:extension:prf: true, webauthn:virtualAuthenticators: true}\nElement: [[ChromeDriver: chrome on windows (b5cb78a6305b418b53e4de6a58a14fee)] -> css selector: [aria-label=\"account of current user\"]]\nSession ID: b5cb78a6305b418b53e4de6a58a14fee\r\n\tat java.base/jdk.internal.reflect.NativeConstructorAccessorImpl.newInstance0(Native Method)\r\n\tat java.base/jdk.internal.reflect.NativeConstructorAccessorImpl.newInstance(NativeConstructorAccessorImpl.java:77)\r\n\tat java.base/jdk.internal.reflect.DelegatingConstructorAccessorImpl.newInstance(DelegatingConstructorAccessorImpl.java:45)\r\n\tat java.base/java.lang.reflect.Constructor.newInstanceWithCaller(Constructor.java:499)\r\n\tat java.base/java.lang.reflect.Constructor.newInstance(Constructor.java:480)\r\n\tat org.openqa.selenium.remote.ErrorCodec.decode(ErrorCodec.java:167)\r\n\tat org.openqa.selenium.remote.codec.w3c.W3CHttpResponseCodec.decode(W3CHttpResponseCodec.java:138)\r\n\tat org.openqa.selenium.remote.codec.w3c.W3CHttpResponseCodec.decode(W3CHttpResponseCodec.java:50)\r\n\tat org.openqa.selenium.remote.HttpCommandExecutor.execute(HttpCommandExecutor.java:215)\r\n\tat org.openqa.selenium.remote.service.DriverCommandExecutor.invokeExecute(DriverCommandExecutor.java:216)\r\n\tat org.openqa.selenium.remote.service.DriverCommandExecutor.execute(DriverCommandExecutor.java:174)\r\n\tat org.openqa.selenium.remote.RemoteWebDriver.execute(RemoteWebDriver.java:544)\r\n\tat org.openqa.selenium.remote.RemoteWebElement.execute(RemoteWebElement.java:223)\r\n\tat org.openqa.selenium.remote.RemoteWebElement.click(RemoteWebElement.java:76)\r\n\tat com.codeborne.selenide.commands.Click.defaultClick(Click.java:105)\r\n\tat com.codeborne.selenide.commands.Click.doClick(Click.java:83)\r\n\tat com.codeborne.selenide.commands.Click.click(Click.java:59)\r\n\tat com.codeborne.selenide.commands.Click.execute(Click.java:39)\r\n\tat com.codeborne.selenide.FluentCommand.execute(FluentCommand.java:27)\r\n\tat com.codeborne.selenide.FluentCommand.execute(FluentCommand.java:19)\r\n\tat com.codeborne.selenide.commands.Commands.execute(Commands.java:160)\r\n\tat com.codeborne.selenide.impl.SelenideElementProxy.dispatchAndRetry(SelenideElementProxy.java:131)\r\n\t... 10 more\r\n"},"stage":"finished","description":"","steps":[{"name":"$(\"open\") https://swift.techwithjatin.com/","status":"passed","stage":"finished","steps":[{"name":"$(\"webdriver\") create()","status":"passed","stage":"finished","steps":[],"attachments":[],"parameters":[],"start":1753357788066,"stop":1753357789760}],"attachments":[],"parameters":[],"start":1753357788066,"stop":1753357791740},{"name":"$(\"#username\") should be([visible, interactable])","status":"passed","stage":"finished","steps":[],"attachments":[],"parameters":[],"start":1753357791839,"stop":1753357792002},{"name":"$(\"#username\") set value(john2007)","status":"passed","stage":"finished","steps":[],"attachments":[],"parameters":[],"start":1753357792002,"stop":1753357792210},{"name":"$(\"#password\") should be([visible, interactable])","status":"passed","stage":"finished","steps":[],"attachments":[],"parameters":[],"start":1753357792210,"stop":1753357792255},{"name":"$(\"#password\") set value(john2007)","status":"passed","stage":"finished","steps":[],"attachments":[],"parameters":[],"start":1753357792255,"stop":1753357792390},{"name":"$(\"by tag: button; with text: Sign In\") should be(enabled)","status":"passed","stage":"finished","steps":[],"attachments":[],"parameters":[],"start":1753357792390,"stop":1753357792419},{"name":"$(\"by tag: button; with text: Sign In\") click()","status":"passed","stage":"finished","steps":[],"attachments":[],"parameters":[],"start":1753357792419,"stop":1753357792547},{"name":"$(\"with text: Welcome back\") should be(visible)","status":"passed","stage":"finished","steps":[],"attachments":[],"parameters":[],"start":1753357792547,"stop":1753357792904},{"name":"$(\"with text: Welcome back\") should have(text case sensitive \"Welcome back, john2007\")","status":"passed","stage":"finished","steps":[],"attachments":[],"parameters":[],"start":1753357792904,"stop":1753357792952},{"name":"$(\"with text: Login successful\") should be(be hidden)","status":"passed","stage":"finished","steps":[],"attachments":[],"parameters":[],"start":1753357792952,"stop":1753357792993},{"name":"$(\"[aria-label=\"account of current user\"]\") should be(visible)","status":"passed","stage":"finished","steps":[],"attachments":[],"parameters":[],"start":1753357792993,"stop":1753357793028},{"name":"$(\"[aria-label=\"account of current user\"]\") click()","status":"failed","statusDetails":{"known":false,"muted":false,"flaky":false,"message":"Invalid element state [[aria-label=\"account of current user\"]]: element click intercepted: Element <button class=\"MuiButtonBase-root MuiIconButton-root MuiIconButton-colorInherit MuiIconButton-sizeLarge css-ejrzqc\" tabindex=\"0\" type=\"button\" aria-label=\"account of current user\" aria-controls=\"menu-appbar\" aria-haspopup=\"true\">...</button> is not clickable at point (726, 32). Other element would receive the click: <div id=\"1\" data-in=\"true\" class=\"Toastify__toast Toastify__toast-theme--light Toastify__toast--success\">...</div>\r\nScreenshot: file:/D:/InteliJ_SDET/REMWasteAssessment/build/reports/tests/1753357804178.0.png\r\nPage source: file:/D:/InteliJ_SDET/REMWasteAssessment/build/reports/tests/1753357804178.0.html\r\nTimeout: 10 s.\r\nCaused by: ElementClickInterceptedException: element click intercepted: Element <button class=\"MuiButtonBase-root MuiIconButton-root MuiIconButton-colorInherit MuiIconButton-sizeLarge css-ejrzqc\" tabindex=\"0\" type=\"button\" aria-label=\"account of current user\" aria-controls=\"menu-appbar\" aria-haspopup=\"true\">...</button> is not clickable at point (726, 32). Other element would receive the click: <div id=\"1\" data-in=\"true\" class=\"Toastify__toast Toastify__toast-theme--light Toastify__toast--success\">...</div>","trace":"Invalid element state [[aria-label=\"account of current user\"]]: element click intercepted: Element <button class=\"MuiButtonBase-root MuiIconButton-root MuiIconButton-colorInherit MuiIconButton-sizeLarge css-ejrzqc\" tabindex=\"0\" type=\"button\" aria-label=\"account of current user\" aria-controls=\"menu-appbar\" aria-haspopup=\"true\">...</button> is not clickable at point (726, 32). Other element would receive the click: <div id=\"1\" data-in=\"true\" class=\"Toastify__toast Toastify__toast-theme--light Toastify__toast--success\">...</div>\r\nScreenshot: file:/D:/InteliJ_SDET/REMWasteAssessment/build/reports/tests/1753357804178.0.png\r\nPage source: file:/D:/InteliJ_SDET/REMWasteAssessment/build/reports/tests/1753357804178.0.html\r\nTimeout: 10 s.\r\nCaused by: ElementClickInterceptedException: element click intercepted: Element <button class=\"MuiButtonBase-root MuiIconButton-root MuiIconButton-colorInherit MuiIconButton-sizeLarge css-ejrzqc\" tabindex=\"0\" type=\"button\" aria-label=\"account of current user\" aria-controls=\"menu-appbar\" aria-haspopup=\"true\">...</button> is not clickable at point (726, 32). Other element would receive the click: <div id=\"1\" data-in=\"true\" class=\"Toastify__toast Toastify__toast-theme--light Toastify__toast--success\">...</div>\r\n\tat com.codeborne.selenide.impl.ExceptionWrapper.wrap(ExceptionWrapper.java:19)\r\n\tat com.codeborne.selenide.impl.SelenideElementProxy.dispatchAndRetry(SelenideElementProxy.java:153)\r\n\tat com.codeborne.selenide.impl.SelenideElementProxy.invoke(SelenideElementProxy.java:83)\r\n\tat jdk.proxy2/jdk.proxy2.$Proxy25.click(Unknown Source)\r\n\tat com.remwaste.pages.DashboardPage.navigateToProfilePage(DashboardPage.java:31)\r\n\tat com.remwaste.tests.web.UserDetailsTest.editUserDetails(UserDetailsTest.java:18)\r\n\tat java.base/jdk.internal.reflect.NativeMethodAccessorImpl.invoke0(Native Method)\r\n\tat java.base/jdk.internal.reflect.NativeMethodAccessorImpl.invoke(NativeMethodAccessorImpl.java:77)\r\n\tat java.base/jdk.internal.reflect.DelegatingMethodAccessorImpl.invoke(DelegatingMethodAccessorImpl.java:43)\r\n\tat java.base/java.lang.reflect.Method.invoke(Method.java:568)\r\n\tat org.junit.platform.commons.util.ReflectionUtils.invokeMethod(ReflectionUtils.java:787)\r\n\tat org.junit.platform.commons.support.ReflectionSupport.invokeMethod(ReflectionSupport.java:478)\r\n\tat org.junit.jupiter.engine.execution.MethodInvocation.proceed(MethodInvocation.java:60)\r\n\tat org.junit.jupiter.engine.execution.InvocationInterceptorChain$ValidatingInvocation.proceed(InvocationInterceptorChain.java:131)\r\n\tat org.junit.jupiter.engine.extension.TimeoutExtension.intercept(TimeoutExtension.java:161)\r\n\tat org.junit.jupiter.engine.extension.TimeoutExtension.interceptTestableMethod(TimeoutExtension.java:152)\r\n\tat org.junit.jupiter.engine.extension.TimeoutExtension.interceptTestMethod(TimeoutExtension.java:91)\r\n\tat org.junit.jupiter.engine.execution.InterceptingExecutableInvoker$ReflectiveInterceptorCall.lambda$ofVoidMethod$0(InterceptingExecutableInvoker.java:112)\r\n\tat org.junit.jupiter.engine.execution.InterceptingExecutableInvoker.lambda$invoke$0(InterceptingExecutableInvoker.java:94)\r\n\tat org.junit.jupiter.engine.execution.InvocationInterceptorChain$InterceptedInvocation.proceed(InvocationInterceptorChain.java:106)\r\n\tat org.junit.jupiter.engine.execution.InvocationInterceptorChain.proceed(InvocationInterceptorChain.java:64)\r\n\tat org.junit.jupiter.engine.execution.InvocationInterceptorChain.chainAndInvoke(InvocationInterceptorChain.java:45)\r\n\tat org.junit.jupiter.engine.execution.InvocationInterceptorChain.invoke(InvocationInterceptorChain.java:37)\r\n\tat org.junit.jupiter.engine.execution.InterceptingExecutableInvoker.invoke(InterceptingExecutableInvoker.java:93)\r\n\tat org.junit.jupiter.engine.execution.InterceptingExecutableInvoker.invoke(InterceptingExecutableInvoker.java:87)\r\n\tat org.junit.jupiter.engine.descriptor.TestMethodTestDescriptor.lambda$invokeTestMethod$4(TestMethodTestDescriptor.java:221)\r\n\tat org.junit.platform.engine.support.hierarchical.ThrowableCollector.execute(ThrowableCollector.java:73)\r\n\tat org.junit.jupiter.engine.descriptor.TestMethodTestDescriptor.invokeTestMethod(TestMethodTestDescriptor.java:217)\r\n\tat org.junit.jupiter.engine.descriptor.TestMethodTestDescriptor.execute(TestMethodTestDescriptor.java:159)\r\n\tat org.junit.jupiter.engine.descriptor.TestMethodTestDescriptor.execute(TestMethodTestDescriptor.java:70)\r\n\tat org.junit.platform.engine.support.hierarchical.NodeTestTask.lambda$executeRecursively$6(NodeTestTask.java:157)\r\n\tat org.junit.platform.engine.support.hierarchical.ThrowableCollector.execute(ThrowableCollector.java:73)\r\n\tat org.junit.platform.engine.support.hierarchical.NodeTestTask.lambda$executeRecursively$8(NodeTestTask.java:147)\r\n\tat org.junit.platform.engine.support.hierarchical.Node.around(Node.java:137)\r\n\tat org.junit.platform.engine.support.hierarchical.NodeTestTask.lambda$executeRecursively$9(NodeTestTask.java:145)\r\n\tat org.junit.platform.engine.support.hierarchical.ThrowableCollector.execute(ThrowableCollector.java:73)\r\n\tat org.junit.platform.engine.support.hierarchical.NodeTestTask.executeRecursively(NodeTestTask.java:144)\r\n\tat org.junit.platform.engine.support.hierarchical.NodeTestTask.execute(NodeTestTask.java:101)\r\n\tat org.junit.platform.engine.support.hierarchical.ForkJoinPoolHierarchicalTestExecutorService$ExclusiveTask.exec(ForkJoinPoolHierarchicalTestExecutorService.java:274)\r\n\tat org.junit.platform.engine.support.hierarchical.ForkJoinPoolHierarchicalTestExecutorService$ExclusiveTask.execSync(ForkJoinPoolHierarchicalTestExecutorService.java:247)\r\n\tat org.junit.platform.engine.support.hierarchical.ForkJoinPoolHierarchicalTestExecutorService.invokeAll(ForkJoinPoolHierarchicalTestExecutorService.java:159)\r\n\tat org.junit.platform.engine.support.hierarchical.NodeTestTask.lambda$executeRecursively$6(NodeTestTask.java:161)\r\n\tat org.junit.platform.engine.support.hierarchical.ThrowableCollector.execute(ThrowableCollector.java:73)\r\n\tat org.junit.platform.engine.support.hierarchical.NodeTestTask.lambda$executeRecursively$8(NodeTestTask.java:147)\r\n\tat org.junit.platform.engine.support.hierarchical.Node.around(Node.java:137)\r\n\tat org.junit.platform.engine.support.hierarchical.NodeTestTask.lambda$executeRecursively$9(NodeTestTask.java:145)\r\n\tat org.junit.platform.engine.support.hierarchical.ThrowableCollector.execute(ThrowableCollector.java:73)\r\n\tat org.junit.platform.engine.support.hierarchical.NodeTestTask.executeRecursively(NodeTestTask.java:144)\r\n\tat org.junit.platform.engine.support.hierarchical.NodeTestTask.execute(NodeTestTask.java:101)\r\n\tat org.junit.platform.engine.support.hierarchical.ForkJoinPoolHierarchicalTestExecutorService$ExclusiveTask.exec(ForkJoinPoolHierarchicalTestExecutorService.java:274)\r\n\tat org.junit.platform.engine.support.hierarchical.ForkJoinPoolHierarchicalTestExecutorService$ExclusiveTask.execSync(ForkJoinPoolHierarchicalTestExecutorService.java:247)\r\n\tat org.junit.platform.engine.support.hierarchical.ForkJoinPoolHierarchicalTestExecutorService.invokeAll(ForkJoinPoolHierarchicalTestExecutorService.java:159)\r\n\tat org.junit.platform.engine.support.hierarchical.NodeTestTask.lambda$executeRecursively$6(NodeTestTask.java:161)\r\n\tat org.junit.platform.engine.support.hierarchical.ThrowableCollector.execute(ThrowableCollector.java:73)\r\n\tat org.junit.platform.engine.support.hierarchical.NodeTestTask.lambda$executeRecursively$8(NodeTestTask.java:147)\r\n\tat org.junit.platform.engine.support.hierarchical.Node.around(Node.java:137)\r\n\tat org.junit.platform.engine.support.hierarchical.NodeTestTask.lambda$executeRecursively$9(NodeTestTask.java:145)\r\n\tat org.junit.platform.engine.support.hierarchical.ThrowableCollector.execute(ThrowableCollector.java:73)\r\n\tat org.junit.platform.engine.support.hierarchical.NodeTestTask.executeRecursively(NodeTestTask.java:144)\r\n\tat org.junit.platform.engine.support.hierarchical.NodeTestTask.execute(NodeTestTask.java:101)\r\n\tat org.junit.platform.engine.support.hierarchical.ForkJoinPoolHierarchicalTestExecutorService$ExclusiveTask.exec(ForkJoinPoolHierarchicalTestExecutorService.java:274)\r\n\tat java.base/java.util.concurrent.ForkJoinTask.doExec(ForkJoinTask.java:373)\r\n\tat java.base/java.util.concurrent.ForkJoinPool$WorkQueue.topLevelExec(ForkJoinPool.java:1182)\r\n\tat java.base/java.util.concurrent.ForkJoinPool.scan(ForkJoinPool.java:1655)\r\n\tat java.base/java.util.concurrent.ForkJoinPool.runWorker(ForkJoinPool.java:1622)\r\n\tat java.base/java.util.concurrent.ForkJoinWorkerThread.run(ForkJoinWorkerThread.java:165)\r\nCaused by: org.openqa.selenium.ElementClickInterceptedException: element click intercepted: Element <button class=\"MuiButtonBase-root MuiIconButton-root MuiIconButton-colorInherit MuiIconButton-sizeLarge css-ejrzqc\" tabindex=\"0\" type=\"button\" aria-label=\"account of current user\" aria-controls=\"menu-appbar\" aria-haspopup=\"true\">...</button> is not clickable at point (726, 32). Other element would receive the click: <div id=\"1\" data-in=\"true\" class=\"Toastify__toast Toastify__toast-theme--light Toastify__toast--success\">...</div>\n  (Session info: chrome=138.0.7204.159)\nBuild info: version: '4.34.0', revision: '707dcb4246*'\nSystem info: os.name: 'Windows 11', os.arch: 'amd64', os.version: '10.0', java.version: '17.0.16'\nDriver info: org.openqa.selenium.chrome.ChromeDriver\nCommand: [b5cb78a6305b418b53e4de6a58a14fee, clickElement {id=f.E3837BFA6ACEA8E304EF921769AC819A.d.E06A26C13985FCAF922BABD3521BDF1F.e.15}]\nCapabilities {acceptInsecureCerts: true, browserName: chrome, browserVersion: 138.0.7204.159, chrome: {chromedriverVersion: 138.0.7204.168 (3e8d82e86e9..., userDataDir: C:\\Users\\avina\\AppData\\Loca...}, fedcm:accounts: true, goog:chromeOptions: {debuggerAddress: localhost:52610}, networkConnectionEnabled: false, pageLoadStrategy: normal, platformName: windows, proxy: Proxy(), se:cdp: ws://localhost:52610/devtoo..., se:cdpVersion: 138.0.7204.159, setWindowRect: true, strictFileInteractability: false, timeouts: {implicit: 0, pageLoad: 300000, script: 30000}, unhandledPromptBehavior: accept, webauthn:extension:credBlob: true, webauthn:extension:largeBlob: true, webauthn:extension:minPinLength: true, webauthn:extension:prf: true, webauthn:virtualAuthenticators: true}\nElement: [[ChromeDriver: chrome on windows (b5cb78a6305b418b53e4de6a58a14fee)] -> css selector: [aria-label=\"account of current user\"]]\nSession ID: b5cb78a6305b418b53e4de6a58a14fee\r\n\tat java.base/jdk.internal.reflect.NativeConstructorAccessorImpl.newInstance0(Native Method)\r\n\tat java.base/jdk.internal.reflect.NativeConstructorAccessorImpl.newInstance(NativeConstructorAccessorImpl.java:77)\r\n\tat java.base/jdk.internal.reflect.DelegatingConstructorAccessorImpl.newInstance(DelegatingConstructorAccessorImpl.java:45)\r\n\tat java.base/java.lang.reflect.Constructor.newInstanceWithCaller(Constructor.java:499)\r\n\tat java.base/java.lang.reflect.Constructor.newInstance(Constructor.java:480)\r\n\tat org.openqa.selenium.remote.ErrorCodec.decode(ErrorCodec.java:167)\r\n\tat org.openqa.selenium.remote.codec.w3c.W3CHttpResponseCodec.decode(W3CHttpResponseCodec.java:138)\r\n\tat org.openqa.selenium.remote.codec.w3c.W3CHttpResponseCodec.decode(W3CHttpResponseCodec.java:50)\r\n\tat org.openqa.selenium.remote.HttpCommandExecutor.execute(HttpCommandExecutor.java:215)\r\n\tat org.openqa.selenium.remote.service.DriverCommandExecutor.invokeExecute(DriverCommandExecutor.java:216)\r\n\tat org.openqa.selenium.remote.service.DriverCommandExecutor.execute(DriverCommandExecutor.java:174)\r\n\tat org.openqa.selenium.remote.RemoteWebDriver.execute(RemoteWebDriver.java:544)\r\n\tat org.openqa.selenium.remote.RemoteWebElement.execute(RemoteWebElement.java:223)\r\n\tat org.openqa.selenium.remote.RemoteWebElement.click(RemoteWebElement.java:76)\r\n\tat com.codeborne.selenide.commands.Click.defaultClick(Click.java:105)\r\n\tat com.codeborne.selenide.commands.Click.doClick(Click.java:83)\r\n\tat com.codeborne.selenide.commands.Click.click(Click.java:59)\r\n\tat com.codeborne.selenide.commands.Click.execute(Click.java:39)\r\n\tat com.codeborne.selenide.FluentCommand.execute(FluentCommand.java:27)\r\n\tat com.codeborne.selenide.FluentCommand.execute(FluentCommand.java:19)\r\n\tat com.codeborne.selenide.commands.Commands.execute(Commands.java:160)\r\n\tat com.codeborne.selenide.impl.SelenideElementProxy.dispatchAndRetry(SelenideElementProxy.java:131)\r\n\t... 64 more\r\n"},"stage":"finished","steps":[],"attachments":[{"name":"Screenshot","source":"803ad6f0-a606-4c81-9b81-44d787b81476-attachment.png","type":"image/png"},{"name":"Page source","source":"35ae035c-ccfd-44f6-8c71-3177935ad566-attachment.html","type":"text/html"}],"parameters":[],"start":1753357793028,"stop":1753357804674}],"attachments":[],"parameters":[],"start":1753357787906,"stop":1753357804731}